{"name": "Проверка редиректа на \"Дзен\" после перехода по ссылке из логотипа \"Яндекс\"", "status": "broken", "statusDetails": {"message": "selenium.common.exceptions.TimeoutException: Message:", "trace": "self = <tests.test_logos.TestLogos object at 0x000002B8E2C656E0>\ndriver = <selenium.webdriver.firefox.webdriver.WebDriver (session=\"7c8212d7-574c-4d33-b016-5270068e1455\")>\n\n    @allure.title('Проверка редиректа на \"Дзен\" после перехода по ссылке из логотипа \"Яндекс\"')\n    def test_click_yandex_logo_opens_dzen_in_new_tab(self, driver):\n        page = MainPage(driver)\n        page.open_main()\n        page.accept_cookies_if_present()\n        original_window = driver.current_window_handle\n        page.click_yandex_logo()\n        WebDriverWait(driver, 10).until(EC.number_of_windows_to_be(2))\n        driver.switch_to.window(driver.window_handles[-1])\n>       WebDriverWait(driver, 30).until(\n            EC.any_of(\n                EC.title_contains(\"Дзен\"),\n                EC.title_contains(\"Яндекс\")\n            )\n        )\n\ntests\\test_logos.py:40: \n_ _ _ _ _ _ _ _ _ _ _ _ _ _ _ _ _ _ _ _ _ _ _ _ _ _ _ _ _ _ _ _ _ _ _ _ _ _ _ _ _ _ _ _ _ _ _ _ _ _ _ _ _ _ _ _ \n\nself = <selenium.webdriver.support.wait.WebDriverWait (session=\"7c8212d7-574c-4d33-b016-5270068e1455\")>\nmethod = <function any_of.<locals>.any_of_condition at 0x000002B8E2D847D0>, message = ''\n\n    def until(self, method: Callable[[D], Literal[False] | T], message: str = \"\") -> T:\n        \"\"\"Wait until the method returns a value that is not False.\n    \n        Calls the method provided with the driver as an argument until the\n        return value does not evaluate to ``False``.\n    \n        Args:\n            method: A callable object that takes a WebDriver instance as an\n                argument.\n            message: Optional message for TimeoutException.\n    \n        Returns:\n            The result of the last call to `method`.\n    \n        Raises:\n            TimeoutException: If 'method' does not return a truthy value within\n                the WebDriverWait object's timeout.\n    \n        Example:\n            >>> from selenium.webdriver.common.by import By\n            >>> from selenium.webdriver.support.ui import WebDriverWait\n            >>> from selenium.webdriver.support import expected_conditions as EC\n            >>>\n            >>> # Wait until an element is visible on the page\n            >>> wait = WebDriverWait(driver, 10)\n            >>> element = wait.until(EC.visibility_of_element_located((By.ID, \"exampleId\")))\n            >>> print(element.text)\n        \"\"\"\n        screen = None\n        stacktrace = None\n    \n        end_time = time.monotonic() + self._timeout\n        while True:\n            try:\n                value = method(self._driver)\n                if value:\n                    return value\n            except self._ignored_exceptions as exc:\n                screen = getattr(exc, \"screen\", None)\n                stacktrace = getattr(exc, \"stacktrace\", None)\n            if time.monotonic() > end_time:\n                break\n            time.sleep(self._poll)\n>       raise TimeoutException(message, screen, stacktrace)\nE       selenium.common.exceptions.TimeoutException: Message:\n\nvenv\\Lib\\site-packages\\selenium\\webdriver\\support\\wait.py:121: TimeoutException"}, "steps": [{"name": "Открываем главную страницу", "status": "passed", "steps": [{"name": "Открываем URL: 'https://qa-scooter.praktikum-services.ru/'", "status": "passed", "parameters": [{"name": "url", "value": "'https://qa-scooter.praktikum-services.ru/'"}], "start": 1772257885220, "stop": 1772257891007}, {"name": "Ожидаем видимости элемента", "status": "passed", "parameters": [{"name": "locator", "value": "('xpath', \"//button[contains(@class,'Button_Button') and contains(@class,'Button_Middle') and text()='Заказать']\")"}], "start": 1772257891010, "stop": 1772257891054}], "start": 1772257885220, "stop": 1772257891054}, {"name": "Принимаем куки, если плашка присутствует", "status": "passed", "steps": [{"name": "Безопасный клик по элементу", "status": "passed", "steps": [{"name": "Ожидаем кликабельности элемента", "status": "passed", "parameters": [{"name": "locator", "value": "('id', 'rcc-confirm-button')"}], "start": 1772257891054, "stop": 1772257891116}, {"name": "Скроллим к элементу", "status": "passed", "parameters": [{"name": "element", "value": "<selenium.webdriver.remote.webelement.WebElement (session=\"7c8212d7-574c-4d33-b016-5270068e1455\", element=\"9b9c9ba6-c2e0-4e4b-9dc3-c74cb6cedf6a\")>"}], "start": 1772257891116, "stop": 1772257891122}], "parameters": [{"name": "locator", "value": "('id', 'rcc-confirm-button')"}], "start": 1772257891054, "stop": 1772257891228}], "start": 1772257891054, "stop": 1772257891228}, {"name": "Кликаем по логотипу Яндекса", "status": "passed", "steps": [{"name": "Безопасный клик по элементу", "status": "passed", "steps": [{"name": "Ожидаем кликабельности элемента", "status": "passed", "parameters": [{"name": "locator", "value": "('xpath', \"//a[contains(@class,'Header_LogoYandex')]\")"}], "start": 1772257891232, "stop": 1772257891259}, {"name": "Скроллим к элементу", "status": "passed", "parameters": [{"name": "element", "value": "<selenium.webdriver.remote.webelement.WebElement (session=\"7c8212d7-574c-4d33-b016-5270068e1455\", element=\"5d1f5760-21e3-4e7e-b439-f230e2c6515b\")>"}], "start": 1772257891259, "stop": 1772257891265}], "parameters": [{"name": "locator", "value": "('xpath', \"//a[contains(@class,'Header_LogoYandex')]\")"}], "start": 1772257891232, "stop": 1772257891340}], "start": 1772257891232, "stop": 1772257891340}], "start": 1772257885220, "stop": 1772257921657, "uuid": "0b9d37ca-5437-4ac4-a210-bb4410365865", "historyId": "732e79f093379717474e5540fb565742", "testCaseId": "732e79f093379717474e5540fb565742", "fullName": "tests.test_logos.TestLogos#test_click_yandex_logo_opens_dzen_in_new_tab", "labels": [{"name": "parentSuite", "value": "tests"}, {"name": "suite", "value": "test_logos"}, {"name": "subSuite", "value": "TestLogos"}, {"name": "host", "value": "DESKTOP-FA2VBFT"}, {"name": "thread", "value": "15136-MainThread"}, {"name": "framework", "value": "pytest"}, {"name": "language", "value": "cpython3"}, {"name": "package", "value": "tests.test_logos"}], "titlePath": ["tests", "test_logos.py", "TestLogos"]}